0 info it worked if it ends with ok
1 verbose cli [ '/Users/ragnar/.nvm/versions/node/v6.9.5/bin/node',
1 verbose cli   '/Users/ragnar/.nvm/versions/node/v6.9.5/bin/npm',
1 verbose cli   'run',
1 verbose cli   'precommit' ]
2 info using npm@3.10.10
3 info using node@v6.9.5
4 verbose run-script [ 'precommit' ]
5 info lifecycle booking-mask-test-assignment@2019.1.0~precommit: booking-mask-test-assignment@2019.1.0
6 verbose lifecycle booking-mask-test-assignment@2019.1.0~precommit: unsafe-perm in lifecycle true
7 verbose lifecycle booking-mask-test-assignment@2019.1.0~precommit: PATH: /Users/ragnar/.nvm/versions/node/v6.9.5/lib/node_modules/npm/bin/node-gyp-bin:/Users/ragnar/repos/react-redux-saga-boilerplate/node_modules/.bin:/Users/ragnar/repos/react-redux-saga-boilerplate/node_modules/.bin:/Users/ragnar/repos/node_modules/.bin:/Users/ragnar/node_modules/.bin:/Users/node_modules/.bin:/node_modules/.bin:/Users/ragnar/.nvm/versions/node/v6.9.5/bin:/Users/ragnar/.nvm/versions/node/v6.9.5/bin:./node_modules/.bin:/usr/local/bin/jslint:/Applications/Sublime Text.app/Contents/SharedSupport/bin:/usr/local/bin:/usr/bin:/bin:/usr/sbin:/sbin:/Users/ragnar/Applications/Sourcetree.app/Contents/Resources/git_local/libexec/git-core:/Users/ragnar/Applications/Sourcetree.app/Contents/Resources/bin:/Users/ragnar/Applications/Sourcetree.app/Contents/Resources/git_local/bin:/Users/ragnar/Applications/Sourcetree.app/Contents/Resources/git_local/gitflow:/Users/ragnar/Applications/Sourcetree.app/Contents/Resources/git_local/git-lfs:/usr/local/bin:/usr/bin:/bin:/usr/sbin:/sbin:/Users/ragnar/Applications/Sourcetree.app/Contents/Resources/git_local/libexec/git-core:/Users/ragnar/Applications/Sourcetree.app/Contents/Resources/bin:/Users/ragnar/Applications/Sourcetree.app/Contents/Resources/git_local/bin:/Users/ragnar/Applications/Sourcetree.app/Contents/Resources/git_local/gitflow:/Users/ragnar/Applications/Sourcetree.app/Contents/Resources/git_local/git-lfs
8 verbose lifecycle booking-mask-test-assignment@2019.1.0~precommit: CWD: /Users/ragnar/repos/react-redux-saga-boilerplate
9 silly lifecycle booking-mask-test-assignment@2019.1.0~precommit: Args: [ '-c', 'node tools upstream && lint-staged && flow' ]
10 silly lifecycle booking-mask-test-assignment@2019.1.0~precommit: Returned: code: 1  signal: null
11 info lifecycle booking-mask-test-assignment@2019.1.0~precommit: Failed to exec precommit script
12 verbose stack Error: booking-mask-test-assignment@2019.1.0 precommit: `node tools upstream && lint-staged && flow`
12 verbose stack Exit status 1
12 verbose stack     at EventEmitter.<anonymous> (/Users/ragnar/.nvm/versions/node/v6.9.5/lib/node_modules/npm/lib/utils/lifecycle.js:255:16)
12 verbose stack     at emitTwo (events.js:106:13)
12 verbose stack     at EventEmitter.emit (events.js:191:7)
12 verbose stack     at ChildProcess.<anonymous> (/Users/ragnar/.nvm/versions/node/v6.9.5/lib/node_modules/npm/lib/utils/spawn.js:40:14)
12 verbose stack     at emitTwo (events.js:106:13)
12 verbose stack     at ChildProcess.emit (events.js:191:7)
12 verbose stack     at maybeClose (internal/child_process.js:877:16)
12 verbose stack     at Process.ChildProcess._handle.onexit (internal/child_process.js:226:5)
13 verbose pkgid booking-mask-test-assignment@2019.1.0
14 verbose cwd /Users/ragnar/repos/react-redux-saga-boilerplate
15 error Darwin 18.2.0
16 error argv "/Users/ragnar/.nvm/versions/node/v6.9.5/bin/node" "/Users/ragnar/.nvm/versions/node/v6.9.5/bin/npm" "run" "precommit"
17 error node v6.9.5
18 error npm  v3.10.10
19 error code ELIFECYCLE
20 error booking-mask-test-assignment@2019.1.0 precommit: `node tools upstream && lint-staged && flow`
20 error Exit status 1
21 error Failed at the booking-mask-test-assignment@2019.1.0 precommit script 'node tools upstream && lint-staged && flow'.
21 error Make sure you have the latest version of node.js and npm installed.
21 error If you do, this is most likely a problem with the booking-mask-test-assignment package,
21 error not with npm itself.
21 error Tell the author that this fails on your system:
21 error     node tools upstream && lint-staged && flow
21 error You can get information on how to open an issue for this project with:
21 error     npm bugs booking-mask-test-assignment
21 error Or if that isn't available, you can get their info via:
21 error     npm owner ls booking-mask-test-assignment
21 error There is likely additional logging output above.
22 verbose exit [ 1, true ]
